  main.cpp
C:\Users\user\code\blocks\Blocks\DrawObjects.h(19,11): warning C4996: 'fopen': This function or variable may be unsafe. Consider using fopen_s instead. To disable deprecation, use _CRT_SECURE_NO_WARNINGS. See online help for details.
C:\Program Files (x86)\boost\boost_1_81_0\boost\progress.hpp(23): message : This header is deprecated. Use the facilities in <boost/timer/timer.hpp> or <boost/timer/progress_display.hpp> instead.
C:\Program Files (x86)\boost\boost_1_81_0\boost\timer.hpp(21): message : This header is deprecated. Use the facilities in <boost/timer/timer.hpp> instead.
C:\Users\user\code\blocks\Blocks\BlocksView.h(223,55): warning C4838: conversion from 'double' to 'const GLfloat' requires a narrowing conversion
C:\Users\user\code\blocks\Blocks\BlocksView.h(223,83): warning C4838: conversion from 'double' to 'const GLfloat' requires a narrowing conversion
C:\Users\user\code\blocks\Blocks\BlocksView.h(229,55): warning C4838: conversion from 'double' to 'const GLfloat' requires a narrowing conversion
C:\Users\user\code\blocks\Blocks\BlocksView.h(229,84): warning C4838: conversion from 'double' to 'const GLfloat' requires a narrowing conversion
C:\Users\user\code\blocks\Blocks\BlocksView.h(236,55): warning C4838: conversion from 'double' to 'const GLfloat' requires a narrowing conversion
C:\Users\user\code\blocks\Blocks\BlocksView.h(236,83): warning C4838: conversion from 'double' to 'const GLfloat' requires a narrowing conversion
C:\Users\user\code\blocks\Blocks\DebugBlocksView.h(236,60): warning C4838: conversion from 'double' to 'const GLfloat' requires a narrowing conversion
C:\Users\user\code\blocks\Blocks\DebugBlocksView.h(236,88): warning C4838: conversion from 'double' to 'const GLfloat' requires a narrowing conversion
C:\Users\user\code\blocks\Blocks\DebugBlocksView.h(242,60): warning C4838: conversion from 'double' to 'const GLfloat' requires a narrowing conversion
C:\Users\user\code\blocks\Blocks\DebugBlocksView.h(242,89): warning C4838: conversion from 'double' to 'const GLfloat' requires a narrowing conversion
C:\Users\user\code\blocks\Blocks\DebugBlocksView.h(249,60): warning C4838: conversion from 'double' to 'const GLfloat' requires a narrowing conversion
C:\Users\user\code\blocks\Blocks\DebugBlocksView.h(249,88): warning C4838: conversion from 'double' to 'const GLfloat' requires a narrowing conversion
C:\Users\user\code\blocks\Blocks\main.cpp(49,57): warning C4838: conversion from 'double' to 'GLfloat' requires a narrowing conversion
C:\Users\user\code\blocks\Blocks\main.cpp(49,87): warning C4838: conversion from 'double' to 'GLfloat' requires a narrowing conversion
C:\Users\user\code\blocks\Blocks\main.cpp(49,135): warning C4838: conversion from 'double' to 'GLfloat' requires a narrowing conversion
  Generating code
  Previous IPDB not found, fall back to full compilation.
  All 1168 functions were compiled because no usable IPDB/IOBJ from previous compilation was found.
  Finished generating code
  Blocks.vcxproj -> C:\Users\user\code\blocks\Release\Blocks.exe
