C:\Program Files (x86)\Microsoft Visual Studio\2019\Community\MSBuild\Microsoft\VC\v160\Microsoft.CppCommon.targets(39,5): warning MSB4211: The property "IntermediateOutputPath" is being set to a value for the first time, but it was already consumed at "C:\Program Files (x86)\Microsoft Visual Studio\2019\Community\MSBuild\Microsoft\VC\v160\Microsoft.CppCommon.targets (38,5)".
C:\Program Files (x86)\Microsoft Visual Studio\2019\Community\MSBuild\Microsoft\VC\v160\Microsoft.BuildSteps.Targets(30,5): warning MSB4211: The property "DebugType" is being set to a value for the first time, but it was already consumed at "C:\Program Files (x86)\Microsoft Visual Studio\2019\Community\MSBuild\Microsoft\VC\v160\Microsoft.BuildSteps.Targets (29,5)".
C:\Program Files (x86)\Microsoft Visual Studio\2019\Community\MSBuild\Current\Bin\Microsoft.Common.CurrentVersion.targets(373,5): warning MSB4211: The property "CleanFile" is being set to a value for the first time, but it was already consumed at "C:\Program Files (x86)\Microsoft Visual Studio\2019\Community\MSBuild\Microsoft\VC\v160\Microsoft.CppCommon.targets (38,5)".
cl : command line warning D9035: option 'Gm' has been deprecated and will be removed in a future release
  main.cpp
C:\Users\user\code\Blocks\Blocks\DrawObjects.h(19,11): warning C4996: 'fopen': This function or variable may be unsafe. Consider using fopen_s instead. To disable deprecation, use _CRT_SECURE_NO_WARNINGS. See online help for details.
C:\Program Files (x86)\boost\boost_1_81_0\boost\progress.hpp(23): message : This header is deprecated. Use the facilities in <boost/timer/timer.hpp> or <boost/timer/progress_display.hpp> instead.
C:\Program Files (x86)\boost\boost_1_81_0\boost\timer.hpp(21): message : This header is deprecated. Use the facilities in <boost/timer/timer.hpp> instead.
C:\Users\user\code\Blocks\Blocks\BlocksView.h(223,55): warning C4838: conversion from 'double' to 'const GLfloat' requires a narrowing conversion
C:\Users\user\code\Blocks\Blocks\BlocksView.h(223,83): warning C4838: conversion from 'double' to 'const GLfloat' requires a narrowing conversion
C:\Users\user\code\Blocks\Blocks\BlocksView.h(229,55): warning C4838: conversion from 'double' to 'const GLfloat' requires a narrowing conversion
C:\Users\user\code\Blocks\Blocks\BlocksView.h(229,84): warning C4838: conversion from 'double' to 'const GLfloat' requires a narrowing conversion
C:\Users\user\code\Blocks\Blocks\BlocksView.h(236,55): warning C4838: conversion from 'double' to 'const GLfloat' requires a narrowing conversion
C:\Users\user\code\Blocks\Blocks\BlocksView.h(236,83): warning C4838: conversion from 'double' to 'const GLfloat' requires a narrowing conversion
C:\Users\user\code\Blocks\Blocks\DebugBlocksView.h(236,60): warning C4838: conversion from 'double' to 'const GLfloat' requires a narrowing conversion
C:\Users\user\code\Blocks\Blocks\DebugBlocksView.h(236,88): warning C4838: conversion from 'double' to 'const GLfloat' requires a narrowing conversion
C:\Users\user\code\Blocks\Blocks\DebugBlocksView.h(242,60): warning C4838: conversion from 'double' to 'const GLfloat' requires a narrowing conversion
C:\Users\user\code\Blocks\Blocks\DebugBlocksView.h(242,89): warning C4838: conversion from 'double' to 'const GLfloat' requires a narrowing conversion
C:\Users\user\code\Blocks\Blocks\DebugBlocksView.h(249,60): warning C4838: conversion from 'double' to 'const GLfloat' requires a narrowing conversion
C:\Users\user\code\Blocks\Blocks\DebugBlocksView.h(249,88): warning C4838: conversion from 'double' to 'const GLfloat' requires a narrowing conversion
C:\Users\user\code\Blocks\Blocks\main.cpp(56,57): warning C4838: conversion from 'double' to 'GLfloat' requires a narrowing conversion
C:\Users\user\code\Blocks\Blocks\main.cpp(56,87): warning C4838: conversion from 'double' to 'GLfloat' requires a narrowing conversion
C:\Users\user\code\Blocks\Blocks\main.cpp(56,135): warning C4838: conversion from 'double' to 'GLfloat' requires a narrowing conversion
main.obj : warning LNK4075: ignoring '/EDITANDCONTINUE' due to '/SAFESEH' specification
main.obj : error LNK2019: unresolved external symbol __imp__NxCreatePhysicsSDK referenced in function "bool __cdecl init(void)" (?init@@YA_NXZ)
main.obj : error LNK2019: unresolved external symbol __imp__NxReleasePhysicsSDK referenced in function "void __cdecl exit(void)" (?exit@@YAXXZ)
C:\Users\user\code\Blocks\Debug\Blocks.exe : fatal error LNK1120: 2 unresolved externals
